生成启动时间为 2014/11/25 15:19:19。
     1>项目“D:\GitHub\learning\adapator\adapator\adapator.vcxproj”在节点 2 上(build 个目标)。
     1>InitializeBuildStatus:
         正在创建“Debug\adapator.unsuccessfulbuild”，因为已指定“AlwaysCreate”。
       ClCompile:
         D:\Program Files\Microsoft Visual Studio 10.0\VC\bin\CL.exe /c /ZI /nologo /W3 /WX- /Od /Oy- /D WIN32 /D _DEBUG /D _CONSOLE /D _UNICODE /D UNICODE /Gm /EHsc /RTC1 /MDd /GS /fp:precise /Zc:wchar_t /Zc:forScope /Fo"Debug\\" /Fd"Debug\vc100.pdb" /Gd /TP /analyze- /errorReport:prompt adapator.cpp
         adapator.cpp
       ManifestResourceCompile:
         所有输出均为最新。
       Link:
         D:\Program Files\Microsoft Visual Studio 10.0\VC\bin\link.exe /ERRORREPORT:PROMPT /OUT:"D:\GitHub\learning\adapator\Debug\adapator.exe" /INCREMENTAL /NOLOGO kernel32.lib user32.lib gdi32.lib winspool.lib comdlg32.lib advapi32.lib shell32.lib ole32.lib oleaut32.lib uuid.lib odbc32.lib odbccp32.lib /MANIFEST /ManifestFile:"Debug\adapator.exe.intermediate.manifest" /MANIFESTUAC:"level='asInvoker' uiAccess='false'" /DEBUG /PDB:"D:\GitHub\learning\adapator\Debug\adapator.pdb" /SUBSYSTEM:CONSOLE /TLBID:1 /DYNAMICBASE /NXCOMPAT /IMPLIB:"D:\GitHub\learning\adapator\Debug\adapator.lib" /MACHINE:X86 Debug\adapator.exe.embed.manifest.res
         Debug\adapator.obj
       Manifest:
         c:\Program Files\Microsoft SDKs\Windows\v7.0A\bin\mt.exe /nologo /verbose /out:"Debug\adapator.exe.embed.manifest" /manifest Debug\adapator.exe.intermediate.manifest
         所有输出均为最新。
       LinkEmbedManifest:
         所有输出均为最新。
         adapator.vcxproj -> D:\GitHub\learning\adapator\Debug\adapator.exe
       FinalizeBuildStatus:
         正在删除文件“Debug\adapator.unsuccessfulbuild”。
         正在对“Debug\adapator.lastbuildstate”执行 Touch 任务。
     1>已完成生成项目“D:\GitHub\learning\adapator\adapator\adapator.vcxproj”(build 个目标)的操作。

生成成功。

已用时间 00:00:01.16
