生成启动时间为 2014/11/25 10:15:14。
     1>项目“D:\GitHub\learning\helloworld\helloworld\helloworld.vcxproj”在节点 2 上(build 个目标)。
     1>InitializeBuildStatus:
         正在创建“Debug\helloworld.unsuccessfulbuild”，因为已指定“AlwaysCreate”。
       CustomBuild:
         所有输出均为最新。
       ClCompile:
         D:\Program Files\Microsoft Visual Studio 10.0\VC\bin\CL.exe /c /I.\GeneratedFiles /I. /IC:\Qt\Qt5.3.2\5.3\msvc2010_opengl\include /I.\GeneratedFiles\Debug /IC:\Qt\Qt5.3.2\5.3\msvc2010_opengl\include\QtCore /IC:\Qt\Qt5.3.2\5.3\msvc2010_opengl\include\QtGui /IC:\Qt\Qt5.3.2\5.3\msvc2010_opengl\include\QtWidgets /Zi /nologo /W1 /WX- /Od /Oy- /D UNICODE /D WIN32 /D WIN64 /D QT_DLL /D QT_CORE_LIB /D QT_GUI_LIB /D QT_WIDGETS_LIB /Gm- /EHsc /MDd /GS /fp:precise /Zc:wchar_t /Zc:forScope /Fo"Debug\\" /Fd"Debug\vc100.pdb" /Gd /TP /analyze- /errorReport:prompt main.cpp
         main.cpp
         所有输出均为最新。
       Link:
         D:\Program Files\Microsoft Visual Studio 10.0\VC\bin\link.exe /ERRORREPORT:PROMPT /OUT:"D:\GitHub\learning\helloworld\Win32\Debug\\helloworld.exe" /NOLOGO /LIBPATH:C:\Qt\Qt5.3.2\5.3\msvc2010_opengl\lib qtmaind.lib Qt5Cored.lib Qt5Guid.lib Qt5Widgetsd.lib kernel32.lib user32.lib gdi32.lib winspool.lib comdlg32.lib advapi32.lib shell32.lib ole32.lib oleaut32.lib uuid.lib odbc32.lib odbccp32.lib /MANIFEST /ManifestFile:"Debug\helloworld.exe.intermediate.manifest" /MANIFESTUAC:"level='asInvoker' uiAccess='false'" /DEBUG /PDB:"D:\GitHub\learning\helloworld\Win32\Debug\helloworld.pdb" /SUBSYSTEM:WINDOWS /TLBID:1 /DYNAMICBASE /NXCOMPAT /IMPLIB:"D:\GitHub\learning\helloworld\Win32\Debug\helloworld.lib" /MACHINE:X86 Debug\moc_helloworld.obj
         Debug\qrc_helloworld.obj
         Debug\helloworld.obj
         Debug\main.obj
         LINK : 没有找到 D:\GitHub\learning\helloworld\Win32\Debug\\helloworld.exe 或上一个增量链接没有生成它；正在执行完全链接
         helloworld.vcxproj -> D:\GitHub\learning\helloworld\Win32\Debug\helloworld.exe
       Manifest:
         c:\Program Files\Microsoft SDKs\Windows\v7.0A\bin\mt.exe /nologo /verbose /outputresource:"D:\GitHub\learning\helloworld\Win32\Debug\\helloworld.exe;#1" /manifest Debug\helloworld.exe.intermediate.manifest
       FinalizeBuildStatus:
         正在删除文件“Debug\helloworld.unsuccessfulbuild”。
         正在对“Debug\helloworld.lastbuildstate”执行 Touch 任务。
     1>已完成生成项目“D:\GitHub\learning\helloworld\helloworld\helloworld.vcxproj”(build 个目标)的操作。

生成成功。

已用时间 00:00:04.16
